Words 147512
Vocabulary 10367
Top 50 words
flow 1964
number 1337
pressur 1307
result 1086
effect 990
boundari 926
method 885
theori 868
layer 859
solut 847
mach 815
equat 775
bodi 740
us 731
wing 711
present 699
heat 685
surfac 661
obtain 643
distribut 641
shock 614
problem 591
ratio 588
temperatur 583
were 583
approxim 553
veloc 553
calcul 551
case 546
investig 523
given 520
test 517
condit 515
these 500
plate 493
ha 480
valu 477
experiment 468
superson 464
gener 451
made 449
measur 428
rang 426
angl 426
found 424
wave 420
speed 415
can 413
laminar 411
jet 402
